{"/Users/mac/Projects/node/server/app.js": {"path":"/Users/mac/Projects/node/server/app.js","statementMap":{"0":{"start":{"line":2,"column":16},"end":{"line":2,"column":34}},"1":{"start":{"line":3,"column":12},"end":{"line":3,"column":21}},"2":{"start":{"line":4,"column":19},"end":{"line":4,"column":41}},"3":{"start":{"line":5,"column":22},"end":{"line":5,"column":57}},"4":{"start":{"line":6,"column":14},"end":{"line":6,"column":38}},"5":{"start":{"line":9,"column":0},"end":{"line":9,"column":30}},"6":{"start":{"line":12,"column":0},"end":{"line":12,"column":52}},"7":{"start":{"line":13,"column":0},"end":{"line":13,"column":27}},"8":{"start":{"line":18,"column":0},"end":{"line":18,"column":44}},"9":{"start":{"line":19,"column":0},"end":{"line":19,"column":59}},"10":{"start":{"line":20,"column":0},"end":{"line":20,"column":49}},"11":{"start":{"line":23,"column":15},"end":{"line":23,"column":31}},"12":{"start":{"line":24,"column":0},"end":{"line":24,"column":54}},"13":{"start":{"line":27,"column":0},"end":{"line":27,"column":24}}},"fnMap":{},"branchMap":{"0":{"loc":{"start":{"line":6,"column":14},"end":{"line":6,"column":38}},"type":"binary-expr","locations":[{"start":{"line":6,"column":14},"end":{"line":6,"column":30}},{"start":{"line":6,"column":34},"end":{"line":6,"column":38}}],"line":6}},"s":{"0":1,"1":1,"2":1,"3":1,"4":1,"5":1,"6":1,"7":1,"8":1,"9":1,"10":1,"11":1,"12":1,"13":1},"f":{},"b":{"0":[1,1]},"_coverageSchema":"1a1c01bbd47fc00a2c39e90264f33305004495a9","hash":"799b93d2878db32d9aab29723dd4d4309d686d1e"}
,"/Users/mac/Projects/node/server/routes/celebrity.js": {"path":"/Users/mac/Projects/node/server/routes/celebrity.js","statementMap":{"0":{"start":{"line":3,"column":16},"end":{"line":3,"column":34}},"1":{"start":{"line":4,"column":99},"end":{"line":4,"column":144}},"2":{"start":{"line":5,"column":134},"end":{"line":5,"column":154}},"3":{"start":{"line":6,"column":15},"end":{"line":6,"column":31}},"4":{"start":{"line":11,"column":0},"end":{"line":23,"column":3}},"5":{"start":{"line":12,"column":4},"end":{"line":12,"column":46}},"6":{"start":{"line":14,"column":4},"end":{"line":14,"column":44}},"7":{"start":{"line":16,"column":4},"end":{"line":16,"column":60}},"8":{"start":{"line":18,"column":4},"end":{"line":18,"column":55}},"9":{"start":{"line":20,"column":4},"end":{"line":20,"column":58}},"10":{"start":{"line":22,"column":4},"end":{"line":22,"column":18}}},"fnMap":{"0":{"name":"(anonymous_0)","decl":{"start":{"line":11,"column":17},"end":{"line":11,"column":18}},"loc":{"start":{"line":11,"column":28},"end":{"line":23,"column":3}},"line":11}},"branchMap":{},"s":{"0":1,"1":1,"2":1,"3":1,"4":1,"5":1,"6":1,"7":1,"8":1,"9":1,"10":1},"f":{"0":1},"b":{},"_coverageSchema":"1a1c01bbd47fc00a2c39e90264f33305004495a9","hash":"3bb266f009effc5b2fe37ff4d6293b76a02d0ebe"}
,"/Users/mac/Projects/node/server/routes/default.js": {"path":"/Users/mac/Projects/node/server/routes/default.js","statementMap":{"0":{"start":{"line":1,"column":99},"end":{"line":1,"column":144}},"1":{"start":{"line":2,"column":54},"end":{"line":2,"column":97}},"2":{"start":{"line":3,"column":36},"end":{"line":3,"column":76}},"3":{"start":{"line":6,"column":0},"end":{"line":13,"column":1}},"4":{"start":{"line":7,"column":17},"end":{"line":7,"column":43}},"5":{"start":{"line":8,"column":4},"end":{"line":8,"column":25}},"6":{"start":{"line":9,"column":4},"end":{"line":12,"column":7}},"7":{"start":{"line":15,"column":0},"end":{"line":21,"column":1}},"8":{"start":{"line":16,"column":18},"end":{"line":16,"column":37}},"9":{"start":{"line":17,"column":4},"end":{"line":20,"column":7}},"10":{"start":{"line":24,"column":0},"end":{"line":29,"column":1}},"11":{"start":{"line":25,"column":21},"end":{"line":25,"column":43}},"12":{"start":{"line":26,"column":4},"end":{"line":28,"column":7}},"13":{"start":{"line":31,"column":0},"end":{"line":36,"column":1}},"14":{"start":{"line":32,"column":20},"end":{"line":32,"column":51}},"15":{"start":{"line":33,"column":4},"end":{"line":35,"column":7}},"16":{"start":{"line":38,"column":0},"end":{"line":42,"column":1}},"17":{"start":{"line":39,"column":20},"end":{"line":39,"column":49}},"18":{"start":{"line":40,"column":4},"end":{"line":40,"column":25}},"19":{"start":{"line":41,"column":4},"end":{"line":41,"column":32}},"20":{"start":{"line":45,"column":0},"end":{"line":51,"column":1}},"21":{"start":{"line":46,"column":24},"end":{"line":46,"column":49}},"22":{"start":{"line":47,"column":4},"end":{"line":50,"column":7}},"23":{"start":{"line":53,"column":0},"end":{"line":59,"column":1}},"24":{"start":{"line":54,"column":22},"end":{"line":54,"column":55}},"25":{"start":{"line":55,"column":4},"end":{"line":58,"column":7}},"26":{"start":{"line":61,"column":0},"end":{"line":67,"column":1}},"27":{"start":{"line":62,"column":22},"end":{"line":62,"column":83}},"28":{"start":{"line":63,"column":4},"end":{"line":66,"column":7}},"29":{"start":{"line":69,"column":0},"end":{"line":75,"column":1}},"30":{"start":{"line":70,"column":18},"end":{"line":70,"column":67}},"31":{"start":{"line":71,"column":4},"end":{"line":74,"column":7}},"32":{"start":{"line":77,"column":0},"end":{"line":82,"column":1}},"33":{"start":{"line":78,"column":17},"end":{"line":78,"column":52}},"34":{"start":{"line":79,"column":4},"end":{"line":81,"column":7}}},"fnMap":{"0":{"name":"(anonymous_0)","decl":{"start":{"line":6,"column":28},"end":{"line":6,"column":29}},"loc":{"start":{"line":6,"column":54},"end":{"line":13,"column":1}},"line":6},"1":{"name":"(anonymous_1)","decl":{"start":{"line":15,"column":29},"end":{"line":15,"column":30}},"loc":{"start":{"line":15,"column":55},"end":{"line":21,"column":1}},"line":15},"2":{"name":"(anonymous_2)","decl":{"start":{"line":24,"column":32},"end":{"line":24,"column":33}},"loc":{"start":{"line":24,"column":58},"end":{"line":29,"column":1}},"line":24},"3":{"name":"(anonymous_3)","decl":{"start":{"line":31,"column":28},"end":{"line":31,"column":29}},"loc":{"start":{"line":31,"column":54},"end":{"line":36,"column":1}},"line":31},"4":{"name":"(anonymous_4)","decl":{"start":{"line":38,"column":31},"end":{"line":38,"column":32}},"loc":{"start":{"line":38,"column":62},"end":{"line":42,"column":1}},"line":38},"5":{"name":"(anonymous_5)","decl":{"start":{"line":45,"column":35},"end":{"line":45,"column":36}},"loc":{"start":{"line":45,"column":61},"end":{"line":51,"column":1}},"line":45},"6":{"name":"(anonymous_6)","decl":{"start":{"line":53,"column":30},"end":{"line":53,"column":31}},"loc":{"start":{"line":53,"column":56},"end":{"line":59,"column":1}},"line":53},"7":{"name":"(anonymous_7)","decl":{"start":{"line":61,"column":31},"end":{"line":61,"column":32}},"loc":{"start":{"line":61,"column":57},"end":{"line":67,"column":1}},"line":61},"8":{"name":"(anonymous_8)","decl":{"start":{"line":69,"column":35},"end":{"line":69,"column":36}},"loc":{"start":{"line":69,"column":61},"end":{"line":75,"column":1}},"line":69},"9":{"name":"(anonymous_9)","decl":{"start":{"line":77,"column":37},"end":{"line":77,"column":38}},"loc":{"start":{"line":77,"column":63},"end":{"line":82,"column":1}},"line":77}},"branchMap":{},"s":{"0":1,"1":1,"2":1,"3":1,"4":0,"5":0,"6":0,"7":1,"8":0,"9":0,"10":1,"11":0,"12":0,"13":1,"14":0,"15":0,"16":1,"17":0,"18":0,"19":0,"20":1,"21":0,"22":0,"23":1,"24":0,"25":0,"26":1,"27":0,"28":0,"29":1,"30":0,"31":0,"32":1,"33":0,"34":0},"f":{"0":0,"1":0,"2":0,"3":0,"4":0,"5":0,"6":0,"7":0,"8":0,"9":0},"b":{},"_coverageSchema":"1a1c01bbd47fc00a2c39e90264f33305004495a9","hash":"7535706cf0bd5a26e1d6590e62af2c1afac14bab"}
,"/Users/mac/Projects/node/server/routes/profile.js": {"path":"/Users/mac/Projects/node/server/routes/profile.js","statementMap":{"0":{"start":{"line":3,"column":16},"end":{"line":3,"column":34}},"1":{"start":{"line":4,"column":75},"end":{"line":4,"column":95}},"2":{"start":{"line":5,"column":15},"end":{"line":5,"column":31}},"3":{"start":{"line":7,"column":0},"end":{"line":15,"column":1}},"4":{"start":{"line":8,"column":2},"end":{"line":8,"column":41}},"5":{"start":{"line":10,"column":2},"end":{"line":10,"column":40}},"6":{"start":{"line":12,"column":2},"end":{"line":12,"column":41}},"7":{"start":{"line":14,"column":2},"end":{"line":14,"column":16}}},"fnMap":{"0":{"name":"(anonymous_0)","decl":{"start":{"line":7,"column":17},"end":{"line":7,"column":18}},"loc":{"start":{"line":7,"column":28},"end":{"line":15,"column":1}},"line":7}},"branchMap":{},"s":{"0":1,"1":1,"2":1,"3":1,"4":1,"5":1,"6":1,"7":1},"f":{"0":1},"b":{},"_coverageSchema":"1a1c01bbd47fc00a2c39e90264f33305004495a9","hash":"c310db5cfad5f5a047692eebbf82ac95944a9b24"}
,"/Users/mac/Projects/node/server/routes/user.js": {"path":"/Users/mac/Projects/node/server/routes/user.js","statementMap":{"0":{"start":{"line":3,"column":16},"end":{"line":3,"column":34}},"1":{"start":{"line":4,"column":50},"end":{"line":4,"column":70}},"2":{"start":{"line":5,"column":15},"end":{"line":5,"column":31}},"3":{"start":{"line":7,"column":0},"end":{"line":13,"column":3}},"4":{"start":{"line":8,"column":4},"end":{"line":8,"column":40}},"5":{"start":{"line":10,"column":4},"end":{"line":10,"column":40}},"6":{"start":{"line":12,"column":4},"end":{"line":12,"column":18}}},"fnMap":{"0":{"name":"(anonymous_0)","decl":{"start":{"line":7,"column":17},"end":{"line":7,"column":18}},"loc":{"start":{"line":7,"column":28},"end":{"line":13,"column":3}},"line":7}},"branchMap":{},"s":{"0":1,"1":1,"2":1,"3":1,"4":1,"5":1,"6":1},"f":{"0":1},"b":{},"_coverageSchema":"1a1c01bbd47fc00a2c39e90264f33305004495a9","hash":"080a454356ecedf2392a7cba4ffd1bb5aa25f2d1"}
,"/Users/mac/Projects/node/server/utils/actions/celebrity_actions.js": {"path":"/Users/mac/Projects/node/server/utils/actions/celebrity_actions.js","statementMap":{"0":{"start":{"line":1,"column":22},"end":{"line":1,"column":64}},"1":{"start":{"line":2,"column":13},"end":{"line":2,"column":53}},"2":{"start":{"line":3,"column":18},"end":{"line":3,"column":63}},"3":{"start":{"line":4,"column":16},"end":{"line":4,"column":59}},"4":{"start":{"line":5,"column":18},"end":{"line":5,"column":36}},"5":{"start":{"line":8,"column":0},"end":{"line":11,"column":2}},"6":{"start":{"line":9,"column":22},"end":{"line":9,"column":72}},"7":{"start":{"line":10,"column":4},"end":{"line":10,"column":21}},"8":{"start":{"line":13,"column":1},"end":{"line":46,"column":2}},"9":{"start":{"line":14,"column":16},"end":{"line":14,"column":31}},"10":{"start":{"line":15,"column":15},"end":{"line":17,"column":5}},"11":{"start":{"line":18,"column":22},"end":{"line":22,"column":5}},"12":{"start":{"line":23,"column":4},"end":{"line":26,"column":5}},"13":{"start":{"line":24,"column":8},"end":{"line":24,"column":40}},"14":{"start":{"line":25,"column":8},"end":{"line":25,"column":45}},"15":{"start":{"line":27,"column":4},"end":{"line":32,"column":5}},"16":{"start":{"line":28,"column":8},"end":{"line":30,"column":9}},"17":{"start":{"line":29,"column":12},"end":{"line":29,"column":44}},"18":{"start":{"line":31,"column":8},"end":{"line":31,"column":55}},"19":{"start":{"line":33,"column":4},"end":{"line":38,"column":5}},"20":{"start":{"line":34,"column":8},"end":{"line":36,"column":9}},"21":{"start":{"line":35,"column":12},"end":{"line":35,"column":44}},"22":{"start":{"line":37,"column":8},"end":{"line":37,"column":49}},"23":{"start":{"line":39,"column":4},"end":{"line":43,"column":5}},"24":{"start":{"line":40,"column":8},"end":{"line":40,"column":30}},"25":{"start":{"line":41,"column":8},"end":{"line":41,"column":23}},"26":{"start":{"line":42,"column":8},"end":{"line":42,"column":36}},"27":{"start":{"line":44,"column":21},"end":{"line":44,"column":84}},"28":{"start":{"line":45,"column":4},"end":{"line":45,"column":20}},"29":{"start":{"line":48,"column":1},"end":{"line":51,"column":2}},"30":{"start":{"line":49,"column":25},"end":{"line":49,"column":71}},"31":{"start":{"line":50,"column":5},"end":{"line":50,"column":24}},"32":{"start":{"line":53,"column":1},"end":{"line":83,"column":2}},"33":{"start":{"line":54,"column":17},"end":{"line":68,"column":6}},"34":{"start":{"line":70,"column":4},"end":{"line":70,"column":16}},"35":{"start":{"line":71,"column":4},"end":{"line":81,"column":6}},"36":{"start":{"line":75,"column":12},"end":{"line":79,"column":13}},"37":{"start":{"line":82,"column":4},"end":{"line":82,"column":16}},"38":{"start":{"line":85,"column":1},"end":{"line":113,"column":2}},"39":{"start":{"line":86,"column":20},"end":{"line":86,"column":51}},"40":{"start":{"line":87,"column":4},"end":{"line":89,"column":5}},"41":{"start":{"line":88,"column":8},"end":{"line":88,"column":18}},"42":{"start":{"line":90,"column":16},"end":{"line":90,"column":18}},"43":{"start":{"line":91,"column":4},"end":{"line":101,"column":5}},"44":{"start":{"line":92,"column":8},"end":{"line":95,"column":9}},"45":{"start":{"line":97,"column":8},"end":{"line":100,"column":9}},"46":{"start":{"line":102,"column":4},"end":{"line":112,"column":6}},"47":{"start":{"line":106,"column":12},"end":{"line":110,"column":13}},"48":{"start":{"line":107,"column":16},"end":{"line":107,"column":32}},"49":{"start":{"line":109,"column":16},"end":{"line":109,"column":36}},"50":{"start":{"line":116,"column":4},"end":{"line":116,"column":30}}},"fnMap":{"0":{"name":"(anonymous_0)","decl":{"start":{"line":8,"column":23},"end":{"line":8,"column":24}},"loc":{"start":{"line":8,"column":37},"end":{"line":11,"column":2}},"line":8},"1":{"name":"(anonymous_1)","decl":{"start":{"line":13,"column":29},"end":{"line":13,"column":30}},"loc":{"start":{"line":13,"column":51},"end":{"line":46,"column":2}},"line":13},"2":{"name":"(anonymous_2)","decl":{"start":{"line":48,"column":29},"end":{"line":48,"column":30}},"loc":{"start":{"line":48,"column":41},"end":{"line":51,"column":2}},"line":48},"3":{"name":"(anonymous_3)","decl":{"start":{"line":53,"column":25},"end":{"line":53,"column":26}},"loc":{"start":{"line":53,"column":53},"end":{"line":83,"column":2}},"line":53},"4":{"name":"(anonymous_4)","decl":{"start":{"line":74,"column":8},"end":{"line":74,"column":9}},"loc":{"start":{"line":74,"column":30},"end":{"line":80,"column":9}},"line":74},"5":{"name":"(anonymous_5)","decl":{"start":{"line":85,"column":31},"end":{"line":85,"column":32}},"loc":{"start":{"line":85,"column":47},"end":{"line":113,"column":2}},"line":85},"6":{"name":"(anonymous_6)","decl":{"start":{"line":105,"column":8},"end":{"line":105,"column":9}},"loc":{"start":{"line":105,"column":30},"end":{"line":111,"column":9}},"line":105},"7":{"name":"checkIfLiked","decl":{"start":{"line":115,"column":10},"end":{"line":115,"column":22}},"loc":{"start":{"line":115,"column":34},"end":{"line":117,"column":2}},"line":115}},"branchMap":{"0":{"loc":{"start":{"line":23,"column":4},"end":{"line":26,"column":5}},"type":"if","locations":[{"start":{"line":23,"column":4},"end":{"line":26,"column":5}},{"start":{},"end":{}}],"line":23},"1":{"loc":{"start":{"line":27,"column":4},"end":{"line":32,"column":5}},"type":"if","locations":[{"start":{"line":27,"column":4},"end":{"line":32,"column":5}},{"start":{},"end":{}}],"line":27},"2":{"loc":{"start":{"line":28,"column":8},"end":{"line":30,"column":9}},"type":"if","locations":[{"start":{"line":28,"column":8},"end":{"line":30,"column":9}},{"start":{},"end":{}}],"line":28},"3":{"loc":{"start":{"line":33,"column":4},"end":{"line":38,"column":5}},"type":"if","locations":[{"start":{"line":33,"column":4},"end":{"line":38,"column":5}},{"start":{},"end":{}}],"line":33},"4":{"loc":{"start":{"line":34,"column":8},"end":{"line":36,"column":9}},"type":"if","locations":[{"start":{"line":34,"column":8},"end":{"line":36,"column":9}},{"start":{},"end":{}}],"line":34},"5":{"loc":{"start":{"line":39,"column":4},"end":{"line":43,"column":5}},"type":"if","locations":[{"start":{"line":39,"column":4},"end":{"line":43,"column":5}},{"start":{},"end":{}}],"line":39},"6":{"loc":{"start":{"line":75,"column":12},"end":{"line":79,"column":13}},"type":"if","locations":[{"start":{"line":75,"column":12},"end":{"line":79,"column":13}},{"start":{"line":77,"column":19},"end":{"line":79,"column":13}}],"line":75},"7":{"loc":{"start":{"line":87,"column":4},"end":{"line":89,"column":5}},"type":"if","locations":[{"start":{"line":87,"column":4},"end":{"line":89,"column":5}},{"start":{},"end":{}}],"line":87},"8":{"loc":{"start":{"line":91,"column":4},"end":{"line":101,"column":5}},"type":"if","locations":[{"start":{"line":91,"column":4},"end":{"line":101,"column":5}},{"start":{"line":96,"column":11},"end":{"line":101,"column":5}}],"line":91},"9":{"loc":{"start":{"line":106,"column":12},"end":{"line":110,"column":13}},"type":"if","locations":[{"start":{"line":106,"column":12},"end":{"line":110,"column":13}},{"start":{"line":108,"column":19},"end":{"line":110,"column":13}}],"line":106}},"s":{"0":1,"1":1,"2":1,"3":1,"4":1,"5":1,"6":0,"7":0,"8":1,"9":0,"10":0,"11":0,"12":0,"13":0,"14":0,"15":0,"16":0,"17":0,"18":0,"19":0,"20":0,"21":0,"22":0,"23":0,"24":0,"25":0,"26":0,"27":0,"28":0,"29":1,"30":1,"31":1,"32":1,"33":0,"34":0,"35":0,"36":0,"37":0,"38":1,"39":0,"40":0,"41":0,"42":0,"43":0,"44":0,"45":0,"46":0,"47":0,"48":0,"49":0,"50":0},"f":{"0":0,"1":0,"2":1,"3":0,"4":0,"5":0,"6":0,"7":0},"b":{"0":[0,0],"1":[0,0],"2":[0,0],"3":[0,0],"4":[0,0],"5":[0,0],"6":[0,0],"7":[0,0],"8":[0,0],"9":[0,0]},"_coverageSchema":"1a1c01bbd47fc00a2c39e90264f33305004495a9","hash":"8bef1d58d13b8502f202d8472ca65b142cc44d71"}
,"/Users/mac/Projects/node/server/utils/actions/profile_actions.js": {"path":"/Users/mac/Projects/node/server/utils/actions/profile_actions.js","statementMap":{"0":{"start":{"line":1,"column":23},"end":{"line":1,"column":38}},"1":{"start":{"line":2,"column":22},"end":{"line":2,"column":64}},"2":{"start":{"line":3,"column":16},"end":{"line":3,"column":59}},"3":{"start":{"line":5,"column":0},"end":{"line":22,"column":1}},"4":{"start":{"line":7,"column":20},"end":{"line":19,"column":6}},"5":{"start":{"line":20,"column":4},"end":{"line":20,"column":18}},"6":{"start":{"line":21,"column":4},"end":{"line":21,"column":22}},"7":{"start":{"line":24,"column":0},"end":{"line":27,"column":1}},"8":{"start":{"line":25,"column":19},"end":{"line":25,"column":51}},"9":{"start":{"line":26,"column":4},"end":{"line":26,"column":19}},"10":{"start":{"line":29,"column":0},"end":{"line":32,"column":1}},"11":{"start":{"line":30,"column":21},"end":{"line":30,"column":44}},"12":{"start":{"line":31,"column":4},"end":{"line":31,"column":20}}},"fnMap":{"0":{"name":"(anonymous_0)","decl":{"start":{"line":5,"column":24},"end":{"line":5,"column":25}},"loc":{"start":{"line":5,"column":40},"end":{"line":22,"column":1}},"line":5},"1":{"name":"(anonymous_1)","decl":{"start":{"line":24,"column":21},"end":{"line":24,"column":22}},"loc":{"start":{"line":24,"column":35},"end":{"line":27,"column":1}},"line":24},"2":{"name":"(anonymous_2)","decl":{"start":{"line":29,"column":25},"end":{"line":29,"column":26}},"loc":{"start":{"line":29,"column":37},"end":{"line":32,"column":1}},"line":29}},"branchMap":{},"s":{"0":1,"1":1,"2":1,"3":1,"4":0,"5":0,"6":0,"7":1,"8":0,"9":0,"10":1,"11":1,"12":1},"f":{"0":0,"1":0,"2":1},"b":{},"_coverageSchema":"1a1c01bbd47fc00a2c39e90264f33305004495a9","hash":"90b5c782136911401274db6986d8d78942a57506"}
,"/Users/mac/Projects/node/server/utils/actions/user_actions.js": {"path":"/Users/mac/Projects/node/server/utils/actions/user_actions.js","statementMap":{"0":{"start":{"line":1,"column":22},"end":{"line":1,"column":64}},"1":{"start":{"line":2,"column":13},"end":{"line":2,"column":53}},"2":{"start":{"line":4,"column":0},"end":{"line":11,"column":1}},"3":{"start":{"line":6,"column":17},"end":{"line":8,"column":6}},"4":{"start":{"line":9,"column":4},"end":{"line":9,"column":15}},"5":{"start":{"line":10,"column":4},"end":{"line":10,"column":16}},"6":{"start":{"line":13,"column":0},"end":{"line":16,"column":1}},"7":{"start":{"line":14,"column":18},"end":{"line":14,"column":37}},"8":{"start":{"line":15,"column":4},"end":{"line":15,"column":17}}},"fnMap":{"0":{"name":"(anonymous_0)","decl":{"start":{"line":4,"column":21},"end":{"line":4,"column":22}},"loc":{"start":{"line":4,"column":37},"end":{"line":11,"column":1}},"line":4},"1":{"name":"(anonymous_1)","decl":{"start":{"line":13,"column":22},"end":{"line":13,"column":23}},"loc":{"start":{"line":13,"column":34},"end":{"line":16,"column":1}},"line":13}},"branchMap":{},"s":{"0":1,"1":1,"2":1,"3":0,"4":0,"5":0,"6":1,"7":1,"8":1},"f":{"0":0,"1":1},"b":{},"_coverageSchema":"1a1c01bbd47fc00a2c39e90264f33305004495a9","hash":"07a9c28752ad0f170674548e56e9145fde899995"}
,"/Users/mac/Projects/node/server/utils/database/handler.js": {"path":"/Users/mac/Projects/node/server/utils/database/handler.js","statementMap":{"0":{"start":{"line":1,"column":17},"end":{"line":1,"column":36}},"1":{"start":{"line":2,"column":30},"end":{"line":2,"column":62}},"2":{"start":{"line":3,"column":21},"end":{"line":3,"column":46}},"3":{"start":{"line":5,"column":0},"end":{"line":17,"column":2}},"4":{"start":{"line":6,"column":22},"end":{"line":6,"column":54}},"5":{"start":{"line":7,"column":14},"end":{"line":7,"column":34}},"6":{"start":{"line":9,"column":23},"end":{"line":12,"column":3}},"7":{"start":{"line":14,"column":2},"end":{"line":15,"column":28}},"8":{"start":{"line":14,"column":53},"end":{"line":14,"column":77}},"9":{"start":{"line":15,"column":12},"end":{"line":15,"column":26}},"10":{"start":{"line":16,"column":2},"end":{"line":16,"column":19}},"11":{"start":{"line":19,"column":0},"end":{"line":23,"column":2}},"12":{"start":{"line":20,"column":2},"end":{"line":20,"column":43}},"13":{"start":{"line":21,"column":2},"end":{"line":21,"column":36}}},"fnMap":{"0":{"name":"(anonymous_0)","decl":{"start":{"line":5,"column":20},"end":{"line":5,"column":21}},"loc":{"start":{"line":5,"column":32},"end":{"line":17,"column":1}},"line":5},"1":{"name":"(anonymous_1)","decl":{"start":{"line":14,"column":49},"end":{"line":14,"column":50}},"loc":{"start":{"line":14,"column":53},"end":{"line":14,"column":77}},"line":14},"2":{"name":"(anonymous_2)","decl":{"start":{"line":15,"column":9},"end":{"line":15,"column":10}},"loc":{"start":{"line":15,"column":12},"end":{"line":15,"column":26}},"line":15},"3":{"name":"(anonymous_3)","decl":{"start":{"line":19,"column":23},"end":{"line":19,"column":24}},"loc":{"start":{"line":19,"column":35},"end":{"line":23,"column":1}},"line":19}},"branchMap":{},"s":{"0":1,"1":1,"2":1,"3":1,"4":1,"5":1,"6":1,"7":1,"8":1,"9":0,"10":1,"11":1,"12":0,"13":0},"f":{"0":1,"1":1,"2":0,"3":0},"b":{},"_coverageSchema":"1a1c01bbd47fc00a2c39e90264f33305004495a9","hash":"b5ea9cf0b5e400d6b01cef0041500b492dcede46"}
,"/Users/mac/Projects/node/server/utils/database/models/celebrity.model.js": {"path":"/Users/mac/Projects/node/server/utils/database/models/celebrity.model.js","statementMap":{"0":{"start":{"line":1,"column":45},"end":{"line":1,"column":64}},"1":{"start":{"line":3,"column":24},"end":{"line":16,"column":2}},"2":{"start":{"line":18,"column":0},"end":{"line":18,"column":53}}},"fnMap":{},"branchMap":{},"s":{"0":1,"1":1,"2":1},"f":{},"b":{},"_coverageSchema":"1a1c01bbd47fc00a2c39e90264f33305004495a9","hash":"b9ac8f8315d8a4dd76ec0beedbbbfec5e8d6cb6c"}
,"/Users/mac/Projects/node/server/utils/database/models/comment.model.js": {"path":"/Users/mac/Projects/node/server/utils/database/models/comment.model.js","statementMap":{"0":{"start":{"line":1,"column":45},"end":{"line":1,"column":64}},"1":{"start":{"line":2,"column":18},"end":{"line":2,"column":46}},"2":{"start":{"line":3,"column":13},"end":{"line":3,"column":36}},"3":{"start":{"line":5,"column":22},"end":{"line":38,"column":2}},"4":{"start":{"line":40,"column":0},"end":{"line":40,"column":49}}},"fnMap":{},"branchMap":{},"s":{"0":1,"1":1,"2":1,"3":1,"4":1},"f":{},"b":{},"_coverageSchema":"1a1c01bbd47fc00a2c39e90264f33305004495a9","hash":"a85e0eee54f014723e34c7b7d571a1bf565fa02f"}
,"/Users/mac/Projects/node/server/utils/database/models/profile.model.js": {"path":"/Users/mac/Projects/node/server/utils/database/models/profile.model.js","statementMap":{"0":{"start":{"line":1,"column":26},"end":{"line":1,"column":45}},"1":{"start":{"line":3,"column":22},"end":{"line":54,"column":2}},"2":{"start":{"line":56,"column":0},"end":{"line":56,"column":49}}},"fnMap":{},"branchMap":{},"s":{"0":1,"1":1,"2":1},"f":{},"b":{},"_coverageSchema":"1a1c01bbd47fc00a2c39e90264f33305004495a9","hash":"afbeffd56631d6e96862643431c23e1006e4a78c"}
,"/Users/mac/Projects/node/server/utils/database/models/user.model.js": {"path":"/Users/mac/Projects/node/server/utils/database/models/user.model.js","statementMap":{"0":{"start":{"line":1,"column":26},"end":{"line":1,"column":45}},"1":{"start":{"line":3,"column":19},"end":{"line":7,"column":2}},"2":{"start":{"line":9,"column":0},"end":{"line":9,"column":43}}},"fnMap":{},"branchMap":{},"s":{"0":1,"1":1,"2":1},"f":{},"b":{},"_coverageSchema":"1a1c01bbd47fc00a2c39e90264f33305004495a9","hash":"0b62fced48ebf1983da1645be1b595fb97ea440f"}
,"/Users/mac/Projects/node/server/utils/database/seeds/celebrity_seeder.js": {"path":"/Users/mac/Projects/node/server/utils/database/seeds/celebrity_seeder.js","statementMap":{"0":{"start":{"line":1,"column":23},"end":{"line":1,"column":65}},"1":{"start":{"line":3,"column":0},"end":{"line":24,"column":2}}},"fnMap":{},"branchMap":{},"s":{"0":1,"1":1},"f":{},"b":{},"_coverageSchema":"1a1c01bbd47fc00a2c39e90264f33305004495a9","hash":"3d21a7c9c251b5352cd3b4a8d58af192d08fab65"}
,"/Users/mac/Projects/node/server/utils/database/seeds/profile_seeder.js": {"path":"/Users/mac/Projects/node/server/utils/database/seeds/profile_seeder.js","statementMap":{"0":{"start":{"line":1,"column":0},"end":{"line":93,"column":4}}},"fnMap":{},"branchMap":{},"s":{"0":1},"f":{},"b":{},"_coverageSchema":"1a1c01bbd47fc00a2c39e90264f33305004495a9","hash":"b61ea983594c7c537e6748ca045cdf19f7fc7f76"}
,"/Users/mac/Projects/node/server/utils/database/seeds/seeder.js": {"path":"/Users/mac/Projects/node/server/utils/database/seeds/seeder.js","statementMap":{"0":{"start":{"line":1,"column":27},"end":{"line":1,"column":67}},"1":{"start":{"line":2,"column":24},"end":{"line":2,"column":51}},"2":{"start":{"line":3,"column":16},"end":{"line":3,"column":50}},"3":{"start":{"line":4,"column":13},"end":{"line":4,"column":44}},"4":{"start":{"line":5,"column":18},"end":{"line":5,"column":54}},"5":{"start":{"line":6,"column":30},"end":{"line":6,"column":72}},"6":{"start":{"line":7,"column":26},"end":{"line":7,"column":55}},"7":{"start":{"line":8,"column":24},"end":{"line":8,"column":61}},"8":{"start":{"line":9,"column":21},"end":{"line":9,"column":45}},"9":{"start":{"line":11,"column":0},"end":{"line":38,"column":1}},"10":{"start":{"line":12,"column":21},"end":{"line":12,"column":43}},"11":{"start":{"line":13,"column":4},"end":{"line":19,"column":5}},"12":{"start":{"line":14,"column":6},"end":{"line":18,"column":7}},"13":{"start":{"line":14,"column":23},"end":{"line":14,"column":24}},"14":{"start":{"line":15,"column":24},"end":{"line":15,"column":42}},"15":{"start":{"line":16,"column":24},"end":{"line":16,"column":44}},"16":{"start":{"line":17,"column":8},"end":{"line":17,"column":23}},"17":{"start":{"line":21,"column":24},"end":{"line":21,"column":49}},"18":{"start":{"line":22,"column":4},"end":{"line":28,"column":5}},"19":{"start":{"line":23,"column":6},"end":{"line":27,"column":7}},"20":{"start":{"line":23,"column":23},"end":{"line":23,"column":24}},"21":{"start":{"line":24,"column":24},"end":{"line":24,"column":44}},"22":{"start":{"line":25,"column":26},"end":{"line":25,"column":48}},"23":{"start":{"line":26,"column":8},"end":{"line":26,"column":25}},"24":{"start":{"line":30,"column":18},"end":{"line":30,"column":37}},"25":{"start":{"line":31,"column":4},"end":{"line":37,"column":5}},"26":{"start":{"line":32,"column":6},"end":{"line":36,"column":7}},"27":{"start":{"line":32,"column":23},"end":{"line":32,"column":24}},"28":{"start":{"line":33,"column":24},"end":{"line":33,"column":39}},"29":{"start":{"line":34,"column":21},"end":{"line":34,"column":38}},"30":{"start":{"line":35,"column":8},"end":{"line":35,"column":20}}},"fnMap":{"0":{"name":"(anonymous_0)","decl":{"start":{"line":11,"column":19},"end":{"line":11,"column":20}},"loc":{"start":{"line":11,"column":31},"end":{"line":38,"column":1}},"line":11}},"branchMap":{"0":{"loc":{"start":{"line":13,"column":4},"end":{"line":19,"column":5}},"type":"if","locations":[{"start":{"line":13,"column":4},"end":{"line":19,"column":5}},{"start":{},"end":{}}],"line":13},"1":{"loc":{"start":{"line":22,"column":4},"end":{"line":28,"column":5}},"type":"if","locations":[{"start":{"line":22,"column":4},"end":{"line":28,"column":5}},{"start":{},"end":{}}],"line":22},"2":{"loc":{"start":{"line":31,"column":4},"end":{"line":37,"column":5}},"type":"if","locations":[{"start":{"line":31,"column":4},"end":{"line":37,"column":5}},{"start":{},"end":{}}],"line":31}},"s":{"0":1,"1":1,"2":1,"3":1,"4":1,"5":1,"6":1,"7":1,"8":1,"9":1,"10":1,"11":1,"12":1,"13":1,"14":7,"15":7,"16":7,"17":1,"18":1,"19":1,"20":1,"21":4,"22":4,"23":4,"24":1,"25":1,"26":1,"27":1,"28":2,"29":2,"30":2},"f":{"0":1},"b":{"0":[1,0],"1":[1,0],"2":[1,0]},"_coverageSchema":"1a1c01bbd47fc00a2c39e90264f33305004495a9","hash":"fa0eeafddbc0d8b4caa72699490f1d6d9f732716"}
,"/Users/mac/Projects/node/server/utils/database/seeds/user_seeder.js": {"path":"/Users/mac/Projects/node/server/utils/database/seeds/user_seeder.js","statementMap":{"0":{"start":{"line":1,"column":0},"end":{"line":10,"column":2}}},"fnMap":{},"branchMap":{},"s":{"0":1},"f":{},"b":{},"_coverageSchema":"1a1c01bbd47fc00a2c39e90264f33305004495a9","hash":"59f55ebfa9490ffe40e2813255e0838b496ceb2c"}
}
